<?xml version="1.0" encoding="UTF-8"?>
<!-- Generated by org.testng.reporters.JUnitXMLReporter -->
<testsuite ignored="1" hostname="DESKTOP-FVVKFHI" failures="1" tests="1" name="ChromeTest(failed)" time="8.488" errors="0" timestamp="2022-02-16T22:42:15 IST">
  <testcase classname="tests.TestClass1" name="toVarifyTaskButton" time="3.586">
    <failure type="java.lang.AssertionError" message="The following asserts failed:
	url is not equal expected [http://localhost/tasks/otasklist.dos] but found [http://localhost/tasks/otasklist.do],
	url is equal did not expect [http://localhost/tasks/otasklist.do] but found [http://localhost/tasks/otasklist.do]">
      <![CDATA[java.lang.AssertionError: The following asserts failed:
url is not equal expected [http://localhost/tasks/otasklist.dos] but found [http://localhost/tasks/otasklist.do],
url is equal did not expect [http://localhost/tasks/otasklist.do] but found [http://localhost/tasks/otasklist.do]
at tests.TestClass1.toVarifyTaskButton(TestClass1.java:79)
at java.base/java.util.concurrent.ThreadPoolExecutor.runWorker(ThreadPoolExecutor.java:1130)
at java.base/java.util.concurrent.ThreadPoolExecutor$Worker.run(ThreadPoolExecutor.java:630)
at java.base/java.lang.Thread.run(Thread.java:831)
... Removed 14 stack frames]]>
    </failure>
  </testcase> <!-- toVarifyTaskButton -->
  <testcase classname="tests.TestClass1" name="varifyUserTab" time="0.0">
    <ignored/>
  </testcase> <!-- varifyUserTab -->
</testsuite> <!-- ChromeTest(failed) -->
